<?xml version="1.0" encoding="UTF-8" ?>
<testsuite tests="2" failures="2" name="com.ZAP_Selenium.ZapSecurityTest" time="79.922" errors="0" skipped="0">
  <properties>
[...]
</properties>
  <testcase classname="com.ZAP_Selenium.ZapSecurityTest" name="testVulnerabilitiesAfterLogin" time="39.53">
    <failure message="
Expected: &lt;0&gt;
     but: was &lt;1&gt;" type="java.lang.AssertionError">java.lang.AssertionError: 
Expected: &lt;0&gt;
     but: was &lt;1&gt;
	at org.hamcrest.MatcherAssert.assertThat(MatcherAssert.java:20)
	at org.hamcrest.MatcherAssert.assertThat(MatcherAssert.java:8)
	at com.ZAP_Selenium.ZapSecurityTest.testVulnerabilitiesAfterLogin(ZapSecurityTest.java:335)
	at sun.reflect.NativeMethodAccessorImpl.invoke0(Native Method)
	at sun.reflect.NativeMethodAccessorImpl.invoke(NativeMethodAccessorImpl.java:62)
	at sun.reflect.DelegatingMethodAccessorImpl.invoke(DelegatingMethodAccessorImpl.java:43)
	at java.lang.reflect.Method.invoke(Method.java:498)
	at org.junit.runners.model.FrameworkMethod$1.runReflectiveCall(FrameworkMethod.java:50)
	at org.junit.internal.runners.model.ReflectiveCallable.run(ReflectiveCallable.java:12)
	at org.junit.runners.model.FrameworkMethod.invokeExplosively(FrameworkMethod.java:47)
	at org.junit.internal.runners.statements.InvokeMethod.evaluate(InvokeMethod.java:17)
	at org.junit.internal.runners.statements.RunBefores.evaluate(RunBefores.java:26)
	at org.junit.internal.runners.statements.RunAfters.evaluate(RunAfters.java:27)
	at org.junit.runners.ParentRunner.runLeaf(ParentRunner.java:325)
	at org.junit.runners.BlockJUnit4ClassRunner.runChild(BlockJUnit4ClassRunner.java:78)
	at org.junit.runners.BlockJUnit4ClassRunner.runChild(BlockJUnit4ClassRunner.java:57)
	at org.junit.runners.ParentRunner$3.run(ParentRunner.java:290)
	at org.junit.runners.ParentRunner$1.schedule(ParentRunner.java:71)
	at org.junit.runners.ParentRunner.runChildren(ParentRunner.java:288)
	at org.junit.runners.ParentRunner.access$000(ParentRunner.java:58)
	at org.junit.runners.ParentRunner$2.evaluate(ParentRunner.java:268)
	at org.junit.internal.runners.statements.RunBefores.evaluate(RunBefores.java:26)
	at org.junit.internal.runners.statements.RunAfters.evaluate(RunAfters.java:27)
	at org.junit.runners.ParentRunner.run(ParentRunner.java:363)
	at org.apache.maven.surefire.junit4.JUnit4Provider.execute(JUnit4Provider.java:252)
	at org.apache.maven.surefire.junit4.JUnit4Provider.executeTestSet(JUnit4Provider.java:141)
	at org.apache.maven.surefire.junit4.JUnit4Provider.invoke(JUnit4Provider.java:112)
	at sun.reflect.NativeMethodAccessorImpl.invoke0(Native Method)
	at sun.reflect.NativeMethodAccessorImpl.invoke(NativeMethodAccessorImpl.java:62)
	at sun.reflect.DelegatingMethodAccessorImpl.invoke(DelegatingMethodAccessorImpl.java:43)
	at java.lang.reflect.Method.invoke(Method.java:498)
	at org.apache.maven.surefire.util.ReflectionUtils.invokeMethodWithArray(ReflectionUtils.java:189)
	at org.apache.maven.surefire.booter.ProviderFactory$ProviderProxy.invoke(ProviderFactory.java:165)
	at org.apache.maven.surefire.booter.ProviderFactory.invokeProvider(ProviderFactory.java:85)
	at org.apache.maven.surefire.booter.ForkedBooter.runSuitesInProcess(ForkedBooter.java:115)
	at org.apache.maven.surefire.booter.ForkedBooter.main(ForkedBooter.java:75)
</failure>
    <system-out>Starting ZAP...
Waiting for ZAP...
</system-out>
    <system-err>May 15, 2020 12:34:14 PM com.ZAP_Selenium.ZapSecurityTest startZAP
INFO: Started a new session: Scanner
May 15, 2020 12:34:14 PM com.ZAP_Selenium.ZapSecurityTest startZAP
INFO: Created client to ZAP API
May 15, 2020 12:34:14 PM org.openqa.selenium.remote.DesiredCapabilities chrome
INFO: Using `new ChromeOptions()` is preferred to `DesiredCapabilities.chrome()`
Starting ChromeDriver 81.0.4044.138 (8c6c7ba89cc9453625af54f11fd83179e23450fa-refs/branch-heads/4044@{#999}) on port 27932
Only local connections are allowed.
Please protect ports used by ChromeDriver and related test frameworks to prevent access by malicious code.
May 15, 2020 12:34:20 PM org.openqa.selenium.remote.ProtocolHandshake createSession
INFO: Detected dialect: W3C
May 15, 2020 12:34:21 PM com.ZAP_Selenium.ZapSecurityTest testVulnerabilitiesAfterLogin
INFO: Started spidering
May 15, 2020 12:34:21 PM com.ZAP_Selenium.ZapSecurityTest spiderWithZap
INFO: Spidering started
May 15, 2020 12:34:21 PM com.ZAP_Selenium.ZapSecurityTest spiderWithZap
INFO: Spider is 0% complete.
May 15, 2020 12:34:22 PM com.ZAP_Selenium.ZapSecurityTest spiderWithZap
INFO: Spider is 100% complete.
May 15, 2020 12:34:23 PM com.ZAP_Selenium.ZapSecurityTest spiderWithZap
INFO: Found URL after spider: http://localhost:8080/bodgeit/product.jsp?prodid=2
May 15, 2020 12:34:23 PM com.ZAP_Selenium.ZapSecurityTest spiderWithZap
INFO: Found URL after spider: http://localhost:8080/bodgeit/product.jsp?prodid=1
May 15, 2020 12:34:23 PM com.ZAP_Selenium.ZapSecurityTest spiderWithZap
INFO: Found URL after spider: http://localhost:8080/bodgeit/product.jsp?prodid=4
May 15, 2020 12:34:23 PM com.ZAP_Selenium.ZapSecurityTest spiderWithZap
INFO: Found URL after spider: http://localhost:8080/bodgeit/admin.jsp
May 15, 2020 12:34:23 PM com.ZAP_Selenium.ZapSecurityTest spiderWithZap
INFO: Found URL after spider: http://localhost:8080/bodgeit/product.jsp?prodid=3
May 15, 2020 12:34:23 PM com.ZAP_Selenium.ZapSecurityTest spiderWithZap
INFO: Found URL after spider: http://localhost:8080/bodgeit/product.jsp?prodid=6
May 15, 2020 12:34:23 PM com.ZAP_Selenium.ZapSecurityTest spiderWithZap
INFO: Found URL after spider: http://localhost:8080/bodgeit/product.jsp?prodid=5
May 15, 2020 12:34:23 PM com.ZAP_Selenium.ZapSecurityTest spiderWithZap
INFO: Found URL after spider: http://localhost:8080/bodgeit/product.jsp?prodid=8
May 15, 2020 12:34:23 PM com.ZAP_Selenium.ZapSecurityTest spiderWithZap
INFO: Found URL after spider: http://localhost:8080/bodgeit/product.jsp?prodid=7
May 15, 2020 12:34:23 PM com.ZAP_Selenium.ZapSecurityTest spiderWithZap
INFO: Found URL after spider: http://localhost:8080/bodgeit/product.jsp?prodid=9
May 15, 2020 12:34:23 PM com.ZAP_Selenium.ZapSecurityTest spiderWithZap
INFO: Found URL after spider: http://localhost:8080/bodgeit/
May 15, 2020 12:34:23 PM com.ZAP_Selenium.ZapSecurityTest spiderWithZap
INFO: Found URL after spider: http://localhost:8080/bodgeit/home.jsp
May 15, 2020 12:34:23 PM com.ZAP_Selenium.ZapSecurityTest spiderWithZap
INFO: Found URL after spider: http://localhost:8080/bodgeit/images/130.png
May 15, 2020 12:34:23 PM com.ZAP_Selenium.ZapSecurityTest spiderWithZap
INFO: Found URL after spider: http://localhost:8080/bodgeit/product.jsp?prodid=11
May 15, 2020 12:34:23 PM com.ZAP_Selenium.ZapSecurityTest spiderWithZap
INFO: Found URL after spider: http://localhost:8080/bodgeit/product.jsp?prodid=10
May 15, 2020 12:34:23 PM com.ZAP_Selenium.ZapSecurityTest spiderWithZap
INFO: Found URL after spider: http://localhost:8080/bodgeit/about.jsp
May 15, 2020 12:34:23 PM com.ZAP_Selenium.ZapSecurityTest spiderWithZap
INFO: Found URL after spider: http://localhost:8080/bodgeit/basket.jsp
May 15, 2020 12:34:23 PM com.ZAP_Selenium.ZapSecurityTest spiderWithZap
INFO: Found URL after spider: http://localhost:8080/robots.txt
May 15, 2020 12:34:23 PM com.ZAP_Selenium.ZapSecurityTest spiderWithZap
INFO: Found URL after spider: http://localhost:8080/bodgeit/images/129.png
May 15, 2020 12:34:23 PM com.ZAP_Selenium.ZapSecurityTest spiderWithZap
INFO: Found URL after spider: http://localhost:8080/bodgeit/images/154.png
May 15, 2020 12:34:23 PM com.ZAP_Selenium.ZapSecurityTest spiderWithZap
INFO: Found URL after spider: http://localhost:8080/bodgeit/product.jsp?prodid=15
May 15, 2020 12:34:23 PM com.ZAP_Selenium.ZapSecurityTest spiderWithZap
INFO: Found URL after spider: http://localhost:8080/bodgeit/product.jsp?prodid=14
May 15, 2020 12:34:23 PM com.ZAP_Selenium.ZapSecurityTest spiderWithZap
INFO: Found URL after spider: http://localhost:8080/bodgeit/product.jsp?prodid=13
May 15, 2020 12:34:23 PM com.ZAP_Selenium.ZapSecurityTest spiderWithZap
INFO: Found URL after spider: http://localhost:8080/bodgeit/product.jsp?prodid=12
May 15, 2020 12:34:23 PM com.ZAP_Selenium.ZapSecurityTest spiderWithZap
INFO: Found URL after spider: http://localhost:8080/bodgeit/search.jsp?q=ZAP
May 15, 2020 12:34:23 PM com.ZAP_Selenium.ZapSecurityTest spiderWithZap
INFO: Found URL after spider: http://localhost:8080/bodgeit/contact.jsp
May 15, 2020 12:34:23 PM com.ZAP_Selenium.ZapSecurityTest spiderWithZap
INFO: Found URL after spider: http://localhost:8080/bodgeit/product.jsp?prodid=19
May 15, 2020 12:34:23 PM com.ZAP_Selenium.ZapSecurityTest spiderWithZap
INFO: Found URL after spider: http://localhost:8080/bodgeit/product.jsp?prodid=18
May 15, 2020 12:34:23 PM com.ZAP_Selenium.ZapSecurityTest spiderWithZap
INFO: Found URL after spider: http://localhost:8080/bodgeit/product.jsp?prodid=17
May 15, 2020 12:34:23 PM com.ZAP_Selenium.ZapSecurityTest spiderWithZap
INFO: Found URL after spider: http://localhost:8080/bodgeit/product.jsp?prodid=16
May 15, 2020 12:34:23 PM com.ZAP_Selenium.ZapSecurityTest spiderWithZap
INFO: Found URL after spider: http://localhost:8080/bodgeit/product.jsp?typeid=1
May 15, 2020 12:34:23 PM com.ZAP_Selenium.ZapSecurityTest spiderWithZap
INFO: Found URL after spider: http://localhost:8080/bodgeit/product.jsp?typeid=3
May 15, 2020 12:34:23 PM com.ZAP_Selenium.ZapSecurityTest spiderWithZap
INFO: Found URL after spider: http://localhost:8080/bodgeit/style.css
May 15, 2020 12:34:23 PM com.ZAP_Selenium.ZapSecurityTest spiderWithZap
INFO: Found URL after spider: http://localhost:8080/bodgeit/advanced.jsp
May 15, 2020 12:34:23 PM com.ZAP_Selenium.ZapSecurityTest spiderWithZap
INFO: Found URL after spider: http://localhost:8080/bodgeit/product.jsp?typeid=2
May 15, 2020 12:34:23 PM com.ZAP_Selenium.ZapSecurityTest spiderWithZap
INFO: Found URL after spider: http://localhost:8080/bodgeit/product.jsp?prodid=22
May 15, 2020 12:34:23 PM com.ZAP_Selenium.ZapSecurityTest spiderWithZap
INFO: Found URL after spider: http://localhost:8080/bodgeit/product.jsp?prodid=21
May 15, 2020 12:34:23 PM com.ZAP_Selenium.ZapSecurityTest spiderWithZap
INFO: Found URL after spider: http://localhost:8080/bodgeit/product.jsp?prodid=20
May 15, 2020 12:34:23 PM com.ZAP_Selenium.ZapSecurityTest spiderWithZap
INFO: Found URL after spider: http://localhost:8080/bodgeit/product.jsp?typeid=5
May 15, 2020 12:34:23 PM com.ZAP_Selenium.ZapSecurityTest spiderWithZap
INFO: Found URL after spider: http://localhost:8080/bodgeit/product.jsp?typeid=4
May 15, 2020 12:34:23 PM com.ZAP_Selenium.ZapSecurityTest spiderWithZap
INFO: Found URL after spider: http://localhost:8080/sitemap.xml
May 15, 2020 12:34:23 PM com.ZAP_Selenium.ZapSecurityTest spiderWithZap
INFO: Found URL after spider: http://localhost:8080/bodgeit/product.jsp?typeid=7
May 15, 2020 12:34:23 PM com.ZAP_Selenium.ZapSecurityTest spiderWithZap
INFO: Found URL after spider: http://localhost:8080/bodgeit/product.jsp?typeid=6
May 15, 2020 12:34:23 PM com.ZAP_Selenium.ZapSecurityTest spiderWithZap
INFO: Found URL after spider: http://localhost:8080/bodgeit/images/151.png
May 15, 2020 12:34:23 PM com.ZAP_Selenium.ZapSecurityTest spiderWithZap
INFO: Found URL after spider: http://localhost:8080/bodgeit/login.jsp
May 15, 2020 12:34:23 PM com.ZAP_Selenium.ZapSecurityTest spiderWithZap
INFO: Found URL after spider: http://localhost:8080/bodgeit/product.jsp?prodid=26
May 15, 2020 12:34:23 PM com.ZAP_Selenium.ZapSecurityTest spiderWithZap
INFO: Found URL after spider: http://localhost:8080/bodgeit/product.jsp?prodid=25
May 15, 2020 12:34:23 PM com.ZAP_Selenium.ZapSecurityTest spiderWithZap
INFO: Found URL after spider: http://localhost:8080/bodgeit/js/util.js
May 15, 2020 12:34:23 PM com.ZAP_Selenium.ZapSecurityTest spiderWithZap
INFO: Found URL after spider: http://localhost:8080/bodgeit/product.jsp?prodid=24
May 15, 2020 12:34:23 PM com.ZAP_Selenium.ZapSecurityTest spiderWithZap
INFO: Found URL after spider: http://localhost:8080/bodgeit/product.jsp?prodid=23
May 15, 2020 12:34:23 PM com.ZAP_Selenium.ZapSecurityTest spiderWithZap
INFO: Found URL after spider: http://localhost:8080/bodgeit/product.jsp?prodid=29
May 15, 2020 12:34:23 PM com.ZAP_Selenium.ZapSecurityTest spiderWithZap
INFO: Found URL after spider: http://localhost:8080/bodgeit/product.jsp?prodid=28
May 15, 2020 12:34:23 PM com.ZAP_Selenium.ZapSecurityTest spiderWithZap
INFO: Found URL after spider: http://localhost:8080/bodgeit/register.jsp
May 15, 2020 12:34:23 PM com.ZAP_Selenium.ZapSecurityTest spiderWithZap
INFO: Found URL after spider: http://localhost:8080/bodgeit/product.jsp?prodid=27
May 15, 2020 12:34:23 PM com.ZAP_Selenium.ZapSecurityTest spiderWithZap
INFO: Found URL after spider: http://localhost:8080/bodgeit/product.jsp?prodid=32
May 15, 2020 12:34:23 PM com.ZAP_Selenium.ZapSecurityTest spiderWithZap
INFO: Found URL after spider: http://localhost:8080/bodgeit/images/152.png
May 15, 2020 12:34:23 PM com.ZAP_Selenium.ZapSecurityTest spiderWithZap
INFO: Found URL after spider: http://localhost:8080/bodgeit/product.jsp?prodid=31
May 15, 2020 12:34:23 PM com.ZAP_Selenium.ZapSecurityTest spiderWithZap
INFO: Found URL after spider: http://localhost:8080/bodgeit/search.jsp
May 15, 2020 12:34:23 PM com.ZAP_Selenium.ZapSecurityTest spiderWithZap
INFO: Found URL after spider: http://localhost:8080/bodgeit/product.jsp?prodid=30
May 15, 2020 12:34:23 PM com.ZAP_Selenium.ZapSecurityTest spiderWithZap
INFO: Found URL after spider: http://localhost:8080/bodgeit/score.jsp
May 15, 2020 12:34:23 PM com.ZAP_Selenium.ZapSecurityTest spiderWithZap
INFO: Spidering ended
May 15, 2020 12:34:23 PM com.ZAP_Selenium.ZapSecurityTest testVulnerabilitiesAfterLogin
INFO: Ended spidering
May 15, 2020 12:34:24 PM com.ZAP_Selenium.ZapSecurityTest testVulnerabilitiesAfterLogin
INFO: Started scanning
May 15, 2020 12:34:24 PM com.ZAP_Selenium.ZapSecurityTest scanWithZap
INFO: Scanning started
May 15, 2020 12:34:24 PM com.ZAP_Selenium.ZapSecurityTest scanWithZap
INFO: Scan is 0% complete.
May 15, 2020 12:34:25 PM com.ZAP_Selenium.ZapSecurityTest scanWithZap
INFO: Scan is 3% complete.
May 15, 2020 12:34:26 PM com.ZAP_Selenium.ZapSecurityTest scanWithZap
INFO: Scan is 6% complete.
May 15, 2020 12:34:27 PM com.ZAP_Selenium.ZapSecurityTest scanWithZap
INFO: Scan is 9% complete.
May 15, 2020 12:34:28 PM com.ZAP_Selenium.ZapSecurityTest scanWithZap
INFO: Scan is 16% complete.
May 15, 2020 12:34:29 PM com.ZAP_Selenium.ZapSecurityTest scanWithZap
INFO: Scan is 20% complete.
May 15, 2020 12:34:30 PM com.ZAP_Selenium.ZapSecurityTest scanWithZap
INFO: Scan is 23% complete.
May 15, 2020 12:34:31 PM com.ZAP_Selenium.ZapSecurityTest scanWithZap
INFO: Scan is 26% complete.
May 15, 2020 12:34:32 PM com.ZAP_Selenium.ZapSecurityTest scanWithZap
INFO: Scan is 29% complete.
May 15, 2020 12:34:33 PM com.ZAP_Selenium.ZapSecurityTest scanWithZap
INFO: Scan is 33% complete.
May 15, 2020 12:34:34 PM com.ZAP_Selenium.ZapSecurityTest scanWithZap
INFO: Scan is 35% complete.
May 15, 2020 12:34:35 PM com.ZAP_Selenium.ZapSecurityTest scanWithZap
INFO: Scan is 38% complete.
May 15, 2020 12:34:36 PM com.ZAP_Selenium.ZapSecurityTest scanWithZap
INFO: Scan is 42% complete.
May 15, 2020 12:34:37 PM com.ZAP_Selenium.ZapSecurityTest scanWithZap
INFO: Scan is 47% complete.
May 15, 2020 12:34:38 PM com.ZAP_Selenium.ZapSecurityTest scanWithZap
INFO: Scan is 49% complete.
May 15, 2020 12:34:39 PM com.ZAP_Selenium.ZapSecurityTest scanWithZap
INFO: Scan is 52% complete.
May 15, 2020 12:34:40 PM com.ZAP_Selenium.ZapSecurityTest scanWithZap
INFO: Scan is 55% complete.
May 15, 2020 12:34:41 PM com.ZAP_Selenium.ZapSecurityTest scanWithZap
INFO: Scan is 59% complete.
May 15, 2020 12:34:42 PM com.ZAP_Selenium.ZapSecurityTest scanWithZap
INFO: Scan is 61% complete.
May 15, 2020 12:34:43 PM com.ZAP_Selenium.ZapSecurityTest scanWithZap
INFO: Scan is 64% complete.
May 15, 2020 12:34:44 PM com.ZAP_Selenium.ZapSecurityTest scanWithZap
INFO: Scan is 66% complete.
May 15, 2020 12:34:45 PM com.ZAP_Selenium.ZapSecurityTest scanWithZap
INFO: Scan is 69% complete.
May 15, 2020 12:34:46 PM com.ZAP_Selenium.ZapSecurityTest scanWithZap
INFO: Scan is 71% complete.
May 15, 2020 12:34:47 PM com.ZAP_Selenium.ZapSecurityTest scanWithZap
INFO: Scan is 75% complete.
May 15, 2020 12:34:48 PM com.ZAP_Selenium.ZapSecurityTest scanWithZap
INFO: Scan is 80% complete.
May 15, 2020 12:34:49 PM com.ZAP_Selenium.ZapSecurityTest scanWithZap
INFO: Scan is 82% complete.
May 15, 2020 12:34:50 PM com.ZAP_Selenium.ZapSecurityTest scanWithZap
INFO: Scan is 86% complete.
May 15, 2020 12:34:51 PM com.ZAP_Selenium.ZapSecurityTest scanWithZap
INFO: Scan is 92% complete.
May 15, 2020 12:34:52 PM com.ZAP_Selenium.ZapSecurityTest scanWithZap
INFO: Scan is 100% complete.
May 15, 2020 12:34:53 PM com.ZAP_Selenium.ZapSecurityTest scanWithZap
INFO: Scanning ended
May 15, 2020 12:34:53 PM com.ZAP_Selenium.ZapSecurityTest testVulnerabilitiesAfterLogin
INFO: Ended scanning
May 15, 2020 12:34:53 PM com.ZAP_Selenium.ZapSecurityTest testVulnerabilitiesAfterLogin
INFO: Alert: Cross Site Scripting (Reflected) at URL: http://localhost:8080/bodgeit/search.jsp?q=%3C%2Ffont%3E%3Cscript%3Ealert%281%29%3B%3C%2Fscript%3E%3Cfont%3E Parameter: q CWE ID: 79
</system-err>
  </testcase>
  <testcase classname="com.ZAP_Selenium.ZapSecurityTest" name="testVulnerabilitiesBeforeLogin" time="40.392">
    <failure message="
Expected: &lt;0&gt;
     but: was &lt;1&gt;" type="java.lang.AssertionError">java.lang.AssertionError: 
Expected: &lt;0&gt;
     but: was &lt;1&gt;
	at org.hamcrest.MatcherAssert.assertThat(MatcherAssert.java:20)
	at org.hamcrest.MatcherAssert.assertThat(MatcherAssert.java:8)
	at com.ZAP_Selenium.ZapSecurityTest.testVulnerabilitiesBeforeLogin(ZapSecurityTest.java:307)
	at sun.reflect.NativeMethodAccessorImpl.invoke0(Native Method)
	at sun.reflect.NativeMethodAccessorImpl.invoke(NativeMethodAccessorImpl.java:62)
	at sun.reflect.DelegatingMethodAccessorImpl.invoke(DelegatingMethodAccessorImpl.java:43)
	at java.lang.reflect.Method.invoke(Method.java:498)
	at org.junit.runners.model.FrameworkMethod$1.runReflectiveCall(FrameworkMethod.java:50)
	at org.junit.internal.runners.model.ReflectiveCallable.run(ReflectiveCallable.java:12)
	at org.junit.runners.model.FrameworkMethod.invokeExplosively(FrameworkMethod.java:47)
	at org.junit.internal.runners.statements.InvokeMethod.evaluate(InvokeMethod.java:17)
	at org.junit.internal.runners.statements.RunBefores.evaluate(RunBefores.java:26)
	at org.junit.internal.runners.statements.RunAfters.evaluate(RunAfters.java:27)
	at org.junit.runners.ParentRunner.runLeaf(ParentRunner.java:325)
	at org.junit.runners.BlockJUnit4ClassRunner.runChild(BlockJUnit4ClassRunner.java:78)
	at org.junit.runners.BlockJUnit4ClassRunner.runChild(BlockJUnit4ClassRunner.java:57)
	at org.junit.runners.ParentRunner$3.run(ParentRunner.java:290)
	at org.junit.runners.ParentRunner$1.schedule(ParentRunner.java:71)
	at org.junit.runners.ParentRunner.runChildren(ParentRunner.java:288)
	at org.junit.runners.ParentRunner.access$000(ParentRunner.java:58)
	at org.junit.runners.ParentRunner$2.evaluate(ParentRunner.java:268)
	at org.junit.internal.runners.statements.RunBefores.evaluate(RunBefores.java:26)
	at org.junit.internal.runners.statements.RunAfters.evaluate(RunAfters.java:27)
	at org.junit.runners.ParentRunner.run(ParentRunner.java:363)
	at org.apache.maven.surefire.junit4.JUnit4Provider.execute(JUnit4Provider.java:252)
	at org.apache.maven.surefire.junit4.JUnit4Provider.executeTestSet(JUnit4Provider.java:141)
	at org.apache.maven.surefire.junit4.JUnit4Provider.invoke(JUnit4Provider.java:112)
	at sun.reflect.NativeMethodAccessorImpl.invoke0(Native Method)
	at sun.reflect.NativeMethodAccessorImpl.invoke(NativeMethodAccessorImpl.java:62)
	at sun.reflect.DelegatingMethodAccessorImpl.invoke(DelegatingMethodAccessorImpl.java:43)
	at java.lang.reflect.Method.invoke(Method.java:498)
	at org.apache.maven.surefire.util.ReflectionUtils.invokeMethodWithArray(ReflectionUtils.java:189)
	at org.apache.maven.surefire.booter.ProviderFactory$ProviderProxy.invoke(ProviderFactory.java:165)
	at org.apache.maven.surefire.booter.ProviderFactory.invokeProvider(ProviderFactory.java:85)
	at org.apache.maven.surefire.booter.ForkedBooter.runSuitesInProcess(ForkedBooter.java:115)
	at org.apache.maven.surefire.booter.ForkedBooter.main(ForkedBooter.java:75)
</failure>
    <system-err>May 15, 2020 12:34:54 PM org.openqa.selenium.remote.DesiredCapabilities chrome
INFO: Using `new ChromeOptions()` is preferred to `DesiredCapabilities.chrome()`
Starting ChromeDriver 81.0.4044.138 (8c6c7ba89cc9453625af54f11fd83179e23450fa-refs/branch-heads/4044@{#999}) on port 44790
Only local connections are allowed.
Please protect ports used by ChromeDriver and related test frameworks to prevent access by malicious code.
May 15, 2020 12:34:57 PM org.openqa.selenium.remote.ProtocolHandshake createSession
INFO: Detected dialect: W3C
May 15, 2020 12:34:59 PM com.ZAP_Selenium.ZapSecurityTest testVulnerabilitiesBeforeLogin
INFO: Started spidering
May 15, 2020 12:34:59 PM com.ZAP_Selenium.ZapSecurityTest spiderWithZap
INFO: Spidering started
May 15, 2020 12:34:59 PM com.ZAP_Selenium.ZapSecurityTest spiderWithZap
INFO: Spider is 0% complete.
May 15, 2020 12:35:00 PM com.ZAP_Selenium.ZapSecurityTest spiderWithZap
INFO: Spider is 100% complete.
May 15, 2020 12:35:01 PM com.ZAP_Selenium.ZapSecurityTest spiderWithZap
INFO: Found URL after spider: http://localhost:8080/bodgeit/product.jsp?prodid=2
May 15, 2020 12:35:01 PM com.ZAP_Selenium.ZapSecurityTest spiderWithZap
INFO: Found URL after spider: http://localhost:8080/bodgeit/product.jsp?prodid=1
May 15, 2020 12:35:01 PM com.ZAP_Selenium.ZapSecurityTest spiderWithZap
INFO: Found URL after spider: http://localhost:8080/bodgeit/product.jsp?prodid=4
May 15, 2020 12:35:01 PM com.ZAP_Selenium.ZapSecurityTest spiderWithZap
INFO: Found URL after spider: http://localhost:8080/bodgeit/admin.jsp
May 15, 2020 12:35:01 PM com.ZAP_Selenium.ZapSecurityTest spiderWithZap
INFO: Found URL after spider: http://localhost:8080/bodgeit/product.jsp?prodid=3
May 15, 2020 12:35:01 PM com.ZAP_Selenium.ZapSecurityTest spiderWithZap
INFO: Found URL after spider: http://localhost:8080/bodgeit/product.jsp?prodid=6
May 15, 2020 12:35:01 PM com.ZAP_Selenium.ZapSecurityTest spiderWithZap
INFO: Found URL after spider: http://localhost:8080/bodgeit/product.jsp?prodid=5
May 15, 2020 12:35:01 PM com.ZAP_Selenium.ZapSecurityTest spiderWithZap
INFO: Found URL after spider: http://localhost:8080/bodgeit/product.jsp?prodid=8
May 15, 2020 12:35:01 PM com.ZAP_Selenium.ZapSecurityTest spiderWithZap
INFO: Found URL after spider: http://localhost:8080/bodgeit/product.jsp?prodid=7
May 15, 2020 12:35:01 PM com.ZAP_Selenium.ZapSecurityTest spiderWithZap
INFO: Found URL after spider: http://localhost:8080/bodgeit/js/
May 15, 2020 12:35:01 PM com.ZAP_Selenium.ZapSecurityTest spiderWithZap
INFO: Found URL after spider: http://localhost:8080/bodgeit/product.jsp?prodid=9
May 15, 2020 12:35:01 PM com.ZAP_Selenium.ZapSecurityTest spiderWithZap
INFO: Found URL after spider: http://localhost:8080/bodgeit/images
May 15, 2020 12:35:01 PM com.ZAP_Selenium.ZapSecurityTest spiderWithZap
INFO: Found URL after spider: http://localhost:8080/bodgeit/
May 15, 2020 12:35:01 PM com.ZAP_Selenium.ZapSecurityTest spiderWithZap
INFO: Found URL after spider: http://localhost:8080/bodgeit/home.jsp
May 15, 2020 12:35:01 PM com.ZAP_Selenium.ZapSecurityTest spiderWithZap
INFO: Found URL after spider: http://localhost:8080/bodgeit/images/130.png
May 15, 2020 12:35:01 PM com.ZAP_Selenium.ZapSecurityTest spiderWithZap
INFO: Found URL after spider: http://localhost:8080/bodgeit/product.jsp?prodid=11
May 15, 2020 12:35:01 PM com.ZAP_Selenium.ZapSecurityTest spiderWithZap
INFO: Found URL after spider: http://localhost:8080/bodgeit/product.jsp?prodid=10
May 15, 2020 12:35:01 PM com.ZAP_Selenium.ZapSecurityTest spiderWithZap
INFO: Found URL after spider: http://localhost:8080/bodgeit/images/
May 15, 2020 12:35:01 PM com.ZAP_Selenium.ZapSecurityTest spiderWithZap
INFO: Found URL after spider: http://localhost:8080/bodgeit/about.jsp
May 15, 2020 12:35:01 PM com.ZAP_Selenium.ZapSecurityTest spiderWithZap
INFO: Found URL after spider: http://localhost:8080/bodgeit/basket.jsp
May 15, 2020 12:35:01 PM com.ZAP_Selenium.ZapSecurityTest spiderWithZap
INFO: Found URL after spider: http://localhost:8080/bodgeit
May 15, 2020 12:35:01 PM com.ZAP_Selenium.ZapSecurityTest spiderWithZap
INFO: Found URL after spider: http://localhost:8080/robots.txt
May 15, 2020 12:35:01 PM com.ZAP_Selenium.ZapSecurityTest spiderWithZap
INFO: Found URL after spider: http://localhost:8080/bodgeit/images/154.png
May 15, 2020 12:35:01 PM com.ZAP_Selenium.ZapSecurityTest spiderWithZap
INFO: Found URL after spider: http://localhost:8080/bodgeit/images/129.png
May 15, 2020 12:35:01 PM com.ZAP_Selenium.ZapSecurityTest spiderWithZap
INFO: Found URL after spider: http://localhost:8080/bodgeit/product.jsp?prodid=15
May 15, 2020 12:35:01 PM com.ZAP_Selenium.ZapSecurityTest spiderWithZap
INFO: Found URL after spider: http://localhost:8080/bodgeit/product.jsp?prodid=14
May 15, 2020 12:35:01 PM com.ZAP_Selenium.ZapSecurityTest spiderWithZap
INFO: Found URL after spider: http://localhost:8080/bodgeit/product.jsp?prodid=13
May 15, 2020 12:35:01 PM com.ZAP_Selenium.ZapSecurityTest spiderWithZap
INFO: Found URL after spider: http://localhost:8080/bodgeit/search.jsp?q=ZAP
May 15, 2020 12:35:01 PM com.ZAP_Selenium.ZapSecurityTest spiderWithZap
INFO: Found URL after spider: http://localhost:8080/bodgeit/product.jsp?prodid=12
May 15, 2020 12:35:01 PM com.ZAP_Selenium.ZapSecurityTest spiderWithZap
INFO: Found URL after spider: http://localhost:8080/bodgeit/product.jsp?prodid=19
May 15, 2020 12:35:01 PM com.ZAP_Selenium.ZapSecurityTest spiderWithZap
INFO: Found URL after spider: http://localhost:8080/bodgeit/contact.jsp
May 15, 2020 12:35:01 PM com.ZAP_Selenium.ZapSecurityTest spiderWithZap
INFO: Found URL after spider: http://localhost:8080/bodgeit/product.jsp?prodid=18
May 15, 2020 12:35:01 PM com.ZAP_Selenium.ZapSecurityTest spiderWithZap
INFO: Found URL after spider: http://localhost:8080/bodgeit/product.jsp?prodid=17
May 15, 2020 12:35:01 PM com.ZAP_Selenium.ZapSecurityTest spiderWithZap
INFO: Found URL after spider: http://localhost:8080/bodgeit/product.jsp?prodid=16
May 15, 2020 12:35:01 PM com.ZAP_Selenium.ZapSecurityTest spiderWithZap
INFO: Found URL after spider: http://localhost:8080/bodgeit/product.jsp?typeid=1
May 15, 2020 12:35:01 PM com.ZAP_Selenium.ZapSecurityTest spiderWithZap
INFO: Found URL after spider: http://localhost:8080/bodgeit/advanced.jsp
May 15, 2020 12:35:01 PM com.ZAP_Selenium.ZapSecurityTest spiderWithZap
INFO: Found URL after spider: http://localhost:8080/bodgeit/product.jsp?typeid=3
May 15, 2020 12:35:01 PM com.ZAP_Selenium.ZapSecurityTest spiderWithZap
INFO: Found URL after spider: http://localhost:8080/bodgeit/style.css
May 15, 2020 12:35:01 PM com.ZAP_Selenium.ZapSecurityTest spiderWithZap
INFO: Found URL after spider: http://localhost:8080/bodgeit/product.jsp?typeid=2
May 15, 2020 12:35:01 PM com.ZAP_Selenium.ZapSecurityTest spiderWithZap
INFO: Found URL after spider: http://localhost:8080/bodgeit/product.jsp?prodid=22
May 15, 2020 12:35:01 PM com.ZAP_Selenium.ZapSecurityTest spiderWithZap
INFO: Found URL after spider: http://localhost:8080/bodgeit/product.jsp?prodid=21
May 15, 2020 12:35:01 PM com.ZAP_Selenium.ZapSecurityTest spiderWithZap
INFO: Found URL after spider: http://localhost:8080/bodgeit/product.jsp?prodid=20
May 15, 2020 12:35:01 PM com.ZAP_Selenium.ZapSecurityTest spiderWithZap
INFO: Found URL after spider: http://localhost:8080/bodgeit/product.jsp?typeid=5
May 15, 2020 12:35:01 PM com.ZAP_Selenium.ZapSecurityTest spiderWithZap
INFO: Found URL after spider: http://localhost:8080/bodgeit/product.jsp?typeid=4
May 15, 2020 12:35:01 PM com.ZAP_Selenium.ZapSecurityTest spiderWithZap
INFO: Found URL after spider: http://localhost:8080/sitemap.xml
May 15, 2020 12:35:01 PM com.ZAP_Selenium.ZapSecurityTest spiderWithZap
INFO: Found URL after spider: http://localhost:8080/bodgeit/product.jsp?typeid=7
May 15, 2020 12:35:01 PM com.ZAP_Selenium.ZapSecurityTest spiderWithZap
INFO: Found URL after spider: http://localhost:8080/bodgeit/product.jsp?typeid=6
May 15, 2020 12:35:01 PM com.ZAP_Selenium.ZapSecurityTest spiderWithZap
INFO: Found URL after spider: http://localhost:8080/bodgeit/images/151.png
May 15, 2020 12:35:01 PM com.ZAP_Selenium.ZapSecurityTest spiderWithZap
INFO: Found URL after spider: http://localhost:8080/bodgeit/login.jsp
May 15, 2020 12:35:01 PM com.ZAP_Selenium.ZapSecurityTest spiderWithZap
INFO: Found URL after spider: http://localhost:8080/bodgeit/product.jsp?prodid=26
May 15, 2020 12:35:01 PM com.ZAP_Selenium.ZapSecurityTest spiderWithZap
INFO: Found URL after spider: http://localhost:8080/bodgeit/product.jsp?prodid=25
May 15, 2020 12:35:01 PM com.ZAP_Selenium.ZapSecurityTest spiderWithZap
INFO: Found URL after spider: http://localhost:8080/bodgeit/js/util.js
May 15, 2020 12:35:01 PM com.ZAP_Selenium.ZapSecurityTest spiderWithZap
INFO: Found URL after spider: http://localhost:8080/bodgeit/product.jsp?prodid=24
May 15, 2020 12:35:01 PM com.ZAP_Selenium.ZapSecurityTest spiderWithZap
INFO: Found URL after spider: http://localhost:8080/bodgeit/product.jsp?prodid=23
May 15, 2020 12:35:01 PM com.ZAP_Selenium.ZapSecurityTest spiderWithZap
INFO: Found URL after spider: http://localhost:8080/bodgeit/product.jsp?prodid=29
May 15, 2020 12:35:01 PM com.ZAP_Selenium.ZapSecurityTest spiderWithZap
INFO: Found URL after spider: http://localhost:8080/bodgeit/product.jsp?prodid=28
May 15, 2020 12:35:01 PM com.ZAP_Selenium.ZapSecurityTest spiderWithZap
INFO: Found URL after spider: http://localhost:8080/bodgeit/register.jsp
May 15, 2020 12:35:01 PM com.ZAP_Selenium.ZapSecurityTest spiderWithZap
INFO: Found URL after spider: http://localhost:8080/bodgeit/product.jsp?prodid=27
May 15, 2020 12:35:01 PM com.ZAP_Selenium.ZapSecurityTest spiderWithZap
INFO: Found URL after spider: http://localhost:8080/bodgeit/images/152.png
May 15, 2020 12:35:01 PM com.ZAP_Selenium.ZapSecurityTest spiderWithZap
INFO: Found URL after spider: http://localhost:8080/bodgeit/product.jsp?prodid=32
May 15, 2020 12:35:01 PM com.ZAP_Selenium.ZapSecurityTest spiderWithZap
INFO: Found URL after spider: http://localhost:8080/bodgeit/js
May 15, 2020 12:35:01 PM com.ZAP_Selenium.ZapSecurityTest spiderWithZap
INFO: Found URL after spider: http://localhost:8080/bodgeit/product.jsp?prodid=31
May 15, 2020 12:35:01 PM com.ZAP_Selenium.ZapSecurityTest spiderWithZap
INFO: Found URL after spider: http://localhost:8080/bodgeit/search.jsp
May 15, 2020 12:35:01 PM com.ZAP_Selenium.ZapSecurityTest spiderWithZap
INFO: Found URL after spider: http://localhost:8080/bodgeit/product.jsp?prodid=30
May 15, 2020 12:35:01 PM com.ZAP_Selenium.ZapSecurityTest spiderWithZap
INFO: Found URL after spider: http://localhost:8080/bodgeit/score.jsp
May 15, 2020 12:35:01 PM com.ZAP_Selenium.ZapSecurityTest spiderWithZap
INFO: Spidering ended
May 15, 2020 12:35:01 PM com.ZAP_Selenium.ZapSecurityTest testVulnerabilitiesBeforeLogin
INFO: Ended spidering
May 15, 2020 12:35:01 PM com.ZAP_Selenium.ZapSecurityTest testVulnerabilitiesBeforeLogin
INFO: Started scanning
May 15, 2020 12:35:01 PM com.ZAP_Selenium.ZapSecurityTest scanWithZap
INFO: Scanning started
May 15, 2020 12:35:01 PM com.ZAP_Selenium.ZapSecurityTest scanWithZap
INFO: Scan is 0% complete.
May 15, 2020 12:35:02 PM com.ZAP_Selenium.ZapSecurityTest scanWithZap
INFO: Scan is 3% complete.
May 15, 2020 12:35:03 PM com.ZAP_Selenium.ZapSecurityTest scanWithZap
INFO: Scan is 5% complete.
May 15, 2020 12:35:04 PM com.ZAP_Selenium.ZapSecurityTest scanWithZap
INFO: Scan is 8% complete.
May 15, 2020 12:35:05 PM com.ZAP_Selenium.ZapSecurityTest scanWithZap
INFO: Scan is 10% complete.
May 15, 2020 12:35:06 PM com.ZAP_Selenium.ZapSecurityTest scanWithZap
INFO: Scan is 18% complete.
May 15, 2020 12:35:07 PM com.ZAP_Selenium.ZapSecurityTest scanWithZap
INFO: Scan is 21% complete.
May 15, 2020 12:35:08 PM com.ZAP_Selenium.ZapSecurityTest scanWithZap
INFO: Scan is 24% complete.
May 15, 2020 12:35:09 PM com.ZAP_Selenium.ZapSecurityTest scanWithZap
INFO: Scan is 27% complete.
May 15, 2020 12:35:10 PM com.ZAP_Selenium.ZapSecurityTest scanWithZap
INFO: Scan is 30% complete.
May 15, 2020 12:35:11 PM com.ZAP_Selenium.ZapSecurityTest scanWithZap
INFO: Scan is 34% complete.
May 15, 2020 12:35:12 PM com.ZAP_Selenium.ZapSecurityTest scanWithZap
INFO: Scan is 37% complete.
May 15, 2020 12:35:13 PM com.ZAP_Selenium.ZapSecurityTest scanWithZap
INFO: Scan is 40% complete.
May 15, 2020 12:35:14 PM com.ZAP_Selenium.ZapSecurityTest scanWithZap
INFO: Scan is 43% complete.
May 15, 2020 12:35:15 PM com.ZAP_Selenium.ZapSecurityTest scanWithZap
INFO: Scan is 46% complete.
May 15, 2020 12:35:16 PM com.ZAP_Selenium.ZapSecurityTest scanWithZap
INFO: Scan is 49% complete.
May 15, 2020 12:35:17 PM com.ZAP_Selenium.ZapSecurityTest scanWithZap
INFO: Scan is 52% complete.
May 15, 2020 12:35:18 PM com.ZAP_Selenium.ZapSecurityTest scanWithZap
INFO: Scan is 54% complete.
May 15, 2020 12:35:19 PM com.ZAP_Selenium.ZapSecurityTest scanWithZap
INFO: Scan is 57% complete.
May 15, 2020 12:35:20 PM com.ZAP_Selenium.ZapSecurityTest scanWithZap
INFO: Scan is 60% complete.
May 15, 2020 12:35:21 PM com.ZAP_Selenium.ZapSecurityTest scanWithZap
INFO: Scan is 62% complete.
May 15, 2020 12:35:22 PM com.ZAP_Selenium.ZapSecurityTest scanWithZap
INFO: Scan is 64% complete.
May 15, 2020 12:35:23 PM com.ZAP_Selenium.ZapSecurityTest scanWithZap
INFO: Scan is 67% complete.
May 15, 2020 12:35:24 PM com.ZAP_Selenium.ZapSecurityTest scanWithZap
INFO: Scan is 70% complete.
May 15, 2020 12:35:25 PM com.ZAP_Selenium.ZapSecurityTest scanWithZap
INFO: Scan is 73% complete.
May 15, 2020 12:35:26 PM com.ZAP_Selenium.ZapSecurityTest scanWithZap
INFO: Scan is 76% complete.
May 15, 2020 12:35:27 PM com.ZAP_Selenium.ZapSecurityTest scanWithZap
INFO: Scan is 80% complete.
May 15, 2020 12:35:28 PM com.ZAP_Selenium.ZapSecurityTest scanWithZap
INFO: Scan is 82% complete.
May 15, 2020 12:35:29 PM com.ZAP_Selenium.ZapSecurityTest scanWithZap
INFO: Scan is 87% complete.
May 15, 2020 12:35:30 PM com.ZAP_Selenium.ZapSecurityTest scanWithZap
INFO: Scan is 89% complete.
May 15, 2020 12:35:31 PM com.ZAP_Selenium.ZapSecurityTest scanWithZap
INFO: Scan is 92% complete.
May 15, 2020 12:35:32 PM com.ZAP_Selenium.ZapSecurityTest scanWithZap
INFO: Scan is 100% complete.
May 15, 2020 12:35:33 PM com.ZAP_Selenium.ZapSecurityTest scanWithZap
INFO: Scanning ended
May 15, 2020 12:35:33 PM com.ZAP_Selenium.ZapSecurityTest testVulnerabilitiesBeforeLogin
INFO: Ended scanning
May 15, 2020 12:35:33 PM com.ZAP_Selenium.ZapSecurityTest testVulnerabilitiesBeforeLogin
INFO: Alert: Cross Site Scripting (Reflected) at URL: http://localhost:8080/bodgeit/search.jsp?q=%3C%2Ffont%3E%3Cscript%3Ealert%281%29%3B%3C%2Fscript%3E%3Cfont%3E Parameter: q CWE ID: 79
</system-err>
  </testcase>
</testsuite>